<?xml version="1.0" encoding="UTF-8"?>
<testsuite name="TestFlatMap" tests="2" skipped="0" failures="0" errors="0" timestamp="2019-08-20T03:11:24" hostname="DESKTOP-DUGD1DT" time="0.027">
  <properties/>
  <testcase name="testGetOrderedProductsSet" classname="TestFlatMap" time="0.026"/>
  <testcase name="testGetAllOrderedProducts" classname="TestFlatMap" time="0.001"/>
  <system-out><![CDATA[]]></system-out>
  <system-err><![CDATA[]]></system-err>
</testsuite>
