<?xml version="1.0" encoding="UTF-8"?>
<testsuite name="TestFunctions" tests="1" skipped="0" failures="0" errors="0" timestamp="2019-08-19T06:11:48" hostname="DESKTOP-DUGD1DT" time="0.014">
  <properties/>
  <testcase name="collection" classname="TestFunctions" time="0.014"/>
  <system-out><![CDATA[]]></system-out>
  <system-err><![CDATA[]]></system-err>
</testsuite>
