<?xml version="1.0" encoding="UTF-8"?>
<testsuite name="TestTheFunctionWith" tests="2" skipped="0" failures="0" errors="0" timestamp="2019-08-21T00:13:42" hostname="DESKTOP-DUGD1DT" time="0.045">
  <properties/>
  <testcase name="testCreateString" classname="TestTheFunctionWith" time="0.04"/>
  <testcase name="testCreateMap" classname="TestTheFunctionWith" time="0.005"/>
  <system-out><![CDATA[]]></system-out>
  <system-err><![CDATA[]]></system-err>
</testsuite>
