<?xml version="1.0" encoding="UTF-8"?>
<testsuite name="TestMultiAssignment" tests="1" skipped="0" failures="0" errors="0" timestamp="2019-08-20T00:50:27" hostname="DESKTOP-DUGD1DT" time="0.002">
  <properties/>
  <testcase name="testIsLeapDay" classname="TestMultiAssignment" time="0.002"/>
  <system-out><![CDATA[]]></system-out>
  <system-err><![CDATA[]]></system-err>
</testsuite>
