<?xml version="1.0" encoding="UTF-8"?>
<testsuite name="TestNamedArguments" tests="1" skipped="0" failures="0" errors="0" timestamp="2019-08-19T06:13:28" hostname="DESKTOP-DUGD1DT" time="0.019">
  <properties/>
  <testcase name="testJoinToString" classname="TestNamedArguments" time="0.019"/>
  <system-out><![CDATA[]]></system-out>
  <system-err><![CDATA[]]></system-err>
</testsuite>
