<?xml version="1.0" encoding="UTF-8"?>
<testsuite name="TestComparison" tests="2" skipped="0" failures="0" errors="0" timestamp="2019-08-19T09:26:22" hostname="DESKTOP-DUGD1DT" time="0.003">
  <properties/>
  <testcase name="testAfter" classname="TestComparison" time="0.003"/>
  <testcase name="testBefore" classname="TestComparison" time="0.0"/>
  <system-out><![CDATA[]]></system-out>
  <system-err><![CDATA[]]></system-err>
</testsuite>
