<?xml version="1.0" encoding="UTF-8"?>
<testsuite name="TestSum" tests="1" skipped="0" failures="0" errors="0" timestamp="2019-08-20T04:02:52" hostname="DESKTOP-DUGD1DT" time="0.025">
  <properties/>
  <testcase name="testGetTotalOrderPrice" classname="TestSum" time="0.025"/>
  <system-out><![CDATA[]]></system-out>
  <system-err><![CDATA[]]></system-err>
</testsuite>
