<?xml version="1.0" encoding="UTF-8"?>
<testsuite name="TestDelegatesHowItWorks" tests="1" skipped="0" failures="0" errors="0" timestamp="2019-08-20T09:17:22" hostname="DESKTOP-DUGD1DT" time="0.013">
  <properties/>
  <testcase name="testDate" classname="TestDelegatesHowItWorks" time="0.013"/>
  <system-out><![CDATA[]]></system-out>
  <system-err><![CDATA[]]></system-err>
</testsuite>
