<?xml version="1.0" encoding="UTF-8"?>
<testsuite name="TestLambdas" tests="2" skipped="0" failures="0" errors="0" timestamp="2019-08-19T06:40:36" hostname="DESKTOP-DUGD1DT" time="0.013">
  <properties/>
  <testcase name="contains" classname="TestLambdas" time="0.012"/>
  <testcase name="notContains" classname="TestLambdas" time="0.0"/>
  <system-out><![CDATA[]]></system-out>
  <system-err><![CDATA[]]></system-err>
</testsuite>
