<?xml version="1.0" encoding="UTF-8"?>
<testsuite name="TestRangeTo" tests="1" skipped="0" failures="0" errors="0" timestamp="2019-08-19T09:55:17" hostname="DESKTOP-DUGD1DT" time="0.003">
  <properties/>
  <testcase name="testInRange" classname="TestRangeTo" time="0.003"/>
  <system-out><![CDATA[]]></system-out>
  <system-err><![CDATA[]]></system-err>
</testsuite>
