<?xml version="1.0" encoding="UTF-8"?>
<testsuite name="TestGroupBy" tests="1" skipped="0" failures="0" errors="0" timestamp="2019-08-20T06:02:40" hostname="DESKTOP-DUGD1DT" time="0.025">
  <properties/>
  <testcase name="testGroupCustomersByCity" classname="TestGroupBy" time="0.025"/>
  <system-out><![CDATA[]]></system-out>
  <system-err><![CDATA[]]></system-err>
</testsuite>
